# JRE version: OpenJDK Runtime Environment (11.0.2+9) (build 11.0.2+9)
# Java VM: OpenJDK 64-Bit Server VM (11.0.2+9, mixed mode, tiered, compressed oops, g1 gc, windows-amd64)
Heap:
 garbage-first heap   total 309248K, used 166097K [0x0000000740000000, 0x0000000800000000)
  region size 1024K, 14 young (14336K), 1 survivors (1024K)
 Metaspace       used 119859K, capacity 121734K, committed 127024K, reserved 1157120K
  class space    used 15954K, capacity 16747K, committed 18560K, reserved 1048576K
GC Heap History (10 events):
Event: 5991.815 GC heap before
{Heap before GC invocations=1521 (full 160):
 garbage-first heap   total 309248K, used 231401K [0x0000000740000000, 0x0000000800000000)
  region size 1024K, 60 young (61440K), 1 survivors (1024K)
 Metaspace       used 119916K, capacity 121886K, committed 127024K, reserved 1157120K
  class space    used 15991K, capacity 16824K, committed 18560K, reserved 1048576K
}
Event: 5992.351 GC heap after
{Heap after GC invocations=1522 (full 160):
 garbage-first heap   total 309248K, used 171116K [0x0000000740000000, 0x0000000800000000)
  region size 1024K, 1 young (1024K), 1 survivors (1024K)
 Metaspace       used 119916K, capacity 121886K, committed 127024K, reserved 1157120K
  class space    used 15991K, capacity 16824K, committed 18560K, reserved 1048576K
}
Event: 6082.154 GC heap before
{Heap before GC invocations=1523 (full 160):
 garbage-first heap   total 309248K, used 222316K [0x0000000740000000, 0x0000000800000000)
  region size 1024K, 52 young (53248K), 1 survivors (1024K)
 Metaspace       used 119922K, capacity 121858K, committed 127024K, reserved 1157120K
  class space    used 15975K, capacity 16789K, committed 18560K, reserved 1048576K
}
Event: 6082.204 GC heap after
{Heap after GC invocations=1524 (full 160):
 garbage-first heap   total 309248K, used 171014K [0x0000000740000000, 0x0000000800000000)
  region size 1024K, 1 young (1024K), 1 survivors (1024K)
 Metaspace       used 119922K, capacity 121858K, committed 127024K, reserved 1157120K
  class space    used 15975K, capacity 16789K, committed 18560K, reserved 1048576K
}
Event: 6083.936 GC heap before
{Heap before GC invocations=1525 (full 160):
 garbage-first heap   total 309248K, used 209926K [0x0000000740000000, 0x0000000800000000)
  region size 1024K, 60 young (61440K), 1 survivors (1024K)
 Metaspace       used 119858K, capacity 121734K, committed 127024K, reserved 1157120K
  class space    used 15954K, capacity 16747K, committed 18560K, reserved 1048576K
}
Event: 6083.944 GC heap after
{Heap after GC invocations=1526 (full 160):
 garbage-first heap   total 309248K, used 149692K [0x0000000740000000, 0x0000000800000000)
  region size 1024K, 1 young (1024K), 1 survivors (1024K)
 Metaspace       used 119858K, capacity 121734K, committed 127024K, reserved 1157120K
  class space    used 15954K, capacity 16747K, committed 18560K, reserved 1048576K
}
Event: 6084.046 GC heap before
{Heap before GC invocations=1526 (full 160):
 garbage-first heap   total 309248K, used 158908K [0x0000000740000000, 0x0000000800000000)
  region size 1024K, 11 young (11264K), 1 survivors (1024K)
 Metaspace       used 119859K, capacity 121734K, committed 127024K, reserved 1157120K
  class space    used 15954K, capacity 16747K, committed 18560K, reserved 1048576K
}
Event: 6084.049 GC heap after
{Heap after GC invocations=1527 (full 160):
 garbage-first heap   total 309248K, used 149440K [0x0000000740000000, 0x0000000800000000)
  region size 1024K, 1 young (1024K), 1 survivors (1024K)
 Metaspace       used 119859K, capacity 121734K, committed 127024K, reserved 1157120K
  class space    used 15954K, capacity 16747K, committed 18560K, reserved 1048576K
}
Event: 6084.553 GC heap before
{Heap before GC invocations=1528 (full 160):
 garbage-first heap   total 309248K, used 213952K [0x0000000740000000, 0x0000000800000000)
  region size 1024K, 60 young (61440K), 1 survivors (1024K)
 Metaspace       used 119859K, capacity 121734K, committed 127024K, reserved 1157120K
  class space    used 15954K, capacity 16747K, committed 18560K, reserved 1048576K
}
Event: 6084.556 GC heap after
{Heap after GC invocations=1529 (full 160):
 garbage-first heap   total 309248K, used 153809K [0x0000000740000000, 0x0000000800000000)
  region size 1024K, 1 young (1024K), 1 survivors (1024K)
 Metaspace       used 119859K, capacity 121734K, committed 127024K, reserved 1157120K
  class space    used 15954K, capacity 16747K, committed 18560K, reserved 1048576K
}

