# JRE version: OpenJDK Runtime Environment (11.0.2+9) (build 11.0.2+9)
# Java VM: OpenJDK 64-Bit Server VM (11.0.2+9, mixed mode, tiered, compressed oops, g1 gc, windows-amd64)
Heap:
 garbage-first heap   total 218112K, used 172510K [0x0000000740000000, 0x0000000800000000)
  region size 1024K, 53 young (54272K), 4 survivors (4096K)
 Metaspace       used 110372K, capacity 113521K, committed 113820K, reserved 1146880K
  class space    used 15368K, capacity 16790K, committed 16876K, reserved 1048576K
GC Heap History (10 events):
Event: 484.957 GC heap before
{Heap before GC invocations=185 (full 9):
 garbage-first heap   total 218112K, used 177142K [0x0000000740000000, 0x0000000800000000)
  region size 1024K, 60 young (61440K), 2 survivors (2048K)
 Metaspace       used 110152K, capacity 113317K, committed 113564K, reserved 1146880K
  class space    used 15355K, capacity 16788K, committed 16876K, reserved 1048576K
}
Event: 484.959 GC heap after
{Heap after GC invocations=186 (full 9):
 garbage-first heap   total 218112K, used 120086K [0x0000000740000000, 0x0000000800000000)
  region size 1024K, 3 young (3072K), 3 survivors (3072K)
 Metaspace       used 110152K, capacity 113317K, committed 113564K, reserved 1146880K
  class space    used 15355K, capacity 16788K, committed 16876K, reserved 1048576K
}
Event: 519.005 GC heap before
{Heap before GC invocations=186 (full 9):
 garbage-first heap   total 218112K, used 178454K [0x0000000740000000, 0x0000000800000000)
  region size 1024K, 60 young (61440K), 3 survivors (3072K)
 Metaspace       used 110185K, capacity 113317K, committed 113564K, reserved 1146880K
  class space    used 15355K, capacity 16788K, committed 16876K, reserved 1048576K
}
Event: 519.008 GC heap after
{Heap after GC invocations=187 (full 9):
 garbage-first heap   total 218112K, used 120285K [0x0000000740000000, 0x0000000800000000)
  region size 1024K, 3 young (3072K), 3 survivors (3072K)
 Metaspace       used 110185K, capacity 113317K, committed 113564K, reserved 1146880K
  class space    used 15355K, capacity 16788K, committed 16876K, reserved 1048576K
}
Event: 583.059 GC heap before
{Heap before GC invocations=188 (full 9):
 garbage-first heap   total 218112K, used 178653K [0x0000000740000000, 0x0000000800000000)
  region size 1024K, 60 young (61440K), 3 survivors (3072K)
 Metaspace       used 110303K, capacity 113453K, committed 113564K, reserved 1146880K
  class space    used 15367K, capacity 16789K, committed 16876K, reserved 1048576K
}
Event: 583.061 GC heap after
{Heap after GC invocations=189 (full 9):
 garbage-first heap   total 218112K, used 120948K [0x0000000740000000, 0x0000000800000000)
  region size 1024K, 4 young (4096K), 4 survivors (4096K)
 Metaspace       used 110303K, capacity 113453K, committed 113564K, reserved 1146880K
  class space    used 15367K, capacity 16789K, committed 16876K, reserved 1048576K
}
Event: 584.299 GC heap before
{Heap before GC invocations=189 (full 9):
 garbage-first heap   total 218112K, used 147572K [0x0000000740000000, 0x0000000800000000)
  region size 1024K, 31 young (31744K), 4 survivors (4096K)
 Metaspace       used 110321K, capacity 113520K, committed 113820K, reserved 1146880K
  class space    used 15368K, capacity 16790K, committed 16876K, reserved 1048576K
}
Event: 584.301 GC heap after
{Heap after GC invocations=190 (full 9):
 garbage-first heap   total 218112K, used 120399K [0x0000000740000000, 0x0000000800000000)
  region size 1024K, 3 young (3072K), 3 survivors (3072K)
 Metaspace       used 110321K, capacity 113520K, committed 113820K, reserved 1146880K
  class space    used 15368K, capacity 16790K, committed 16876K, reserved 1048576K
}
Event: 745.084 GC heap before
{Heap before GC invocations=191 (full 9):
 garbage-first heap   total 218112K, used 180815K [0x0000000740000000, 0x0000000800000000)
  region size 1024K, 60 young (61440K), 3 survivors (3072K)
 Metaspace       used 110329K, capacity 113520K, committed 113820K, reserved 1146880K
  class space    used 15368K, capacity 16790K, committed 16876K, reserved 1048576K
}
Event: 745.087 GC heap after
{Heap after GC invocations=192 (full 9):
 garbage-first heap   total 218112K, used 123358K [0x0000000740000000, 0x0000000800000000)
  region size 1024K, 4 young (4096K), 4 survivors (4096K)
 Metaspace       used 110329K, capacity 113520K, committed 113820K, reserved 1146880K
  class space    used 15368K, capacity 16790K, committed 16876K, reserved 1048576K
}

